# Quine Lineage Evolution Log

| Date | Status | Mutation |
|------|--------|----------|
| 2026-01-25 | FAILED | Quine property broken. Output: s='s=%r;print(s%%s) ... |
| 2026-01-25 | FAILED | Quine property broken. Output: s='s=%r;print(s%%s) ... |
| 2026-01-25 | FAILED (Output length: 0, Source length: 93) | Quine property broken. Output starts with: ... |
| 2026-01-25 | FAILED (Output length: 0, Source length: 93) | Quine property broken. Output starts with: ... |
| 2026-01-25 | SUCCESS | Updated m to 2026-01-25-7f8820 |
| 2026-01-27 | SUCCESS | Updated m to 2026-01-27-406a9e |
| 2026-01-27 | SUCCESS | Updated m to 2026-01-27-406a9e |
| 2026-01-27 | SUCCESS | Updated m to 2026-01-27-406a9e |
| 2026-01-27 | SUCCESS | Updated m to 2026-01-27-406a9e |
| 2026-01-27 | SUCCESS | Updated m to 2026-01-27-406a9e |
| 2026-01-27 | SUCCESS | Updated m to 2026-01-27-406a9e |
| 2026-01-27 | SUCCESS | Updated m to 2026-01-27-406a9e |
| 2026-01-27 | SUCCESS | Updated m to 2026-01-27-406a9e |
| 2026-01-27 | SUCCESS | Updated m to 2026-01-27-406a9e |
| 2026-01-27 | SUCCESS | Updated m to 2026-01-27-406a9e |
| 2026-01-27 | SUCCESS | Updated m to 2026-01-27-406a9e |
| 2026-01-27 | SUCCESS | Updated m to 2026-01-27-406a9e |
| 2026-01-27 | SUCCESS | Updated m to 2026-01-27-406a9e |
| 2026-01-27 | SUCCESS | Updated m to 2026-01-27-406a9e |
| 2026-01-27 | SUCCESS | Updated m to 2026-01-27-406a9e |
| 2026-01-27 | SUCCESS | Updated m to 2026-01-27-406a9e |
| 2026-01-27 | SUCCESS | Updated m to 2026-01-27-406a9e |
| 2026-01-27 | SUCCESS | Updated m to 2026-01-27-406a9e |
| 2026-01-27 | SUCCESS | Updated m to 2026-01-27-406a9e |
| 2026-01-27 | SUCCESS | Updated m to 2026-01-27-406a9e |
| 2026-01-27 | SUCCESS | Updated m to 2026-01-27-406a9e |
| 2026-01-27 | SUCCESS | Updated m to 2026-01-27-406a9e |
| 2026-01-27 | SUCCESS | Updated m to 2026-01-27-406a9e |
| 2026-01-28 | SUCCESS | Updated m to 2026-01-28-cf2784 |
| 2026-01-28 | SUCCESS | Updated m to 2026-01-28-cf2784 |
| 2026-01-28 | SUCCESS | Updated m to 2026-01-28-cf2784 |
| 2026-01-28 | SUCCESS | Updated m to 2026-01-28-cf2784 |
| 2026-01-28 | SUCCESS | Updated m to 2026-01-28-cf2784 |
| 2026-01-29 | SUCCESS | Updated m to 2026-01-29-53e6a2 |
| 2026-01-29 | SUCCESS | Updated m to 2026-01-29-53e6a2 |
| 2026-01-29 | SUCCESS | Updated m to 2026-01-29-53e6a2 |
| 2026-01-29 | SUCCESS | Updated m to 2026-01-29-53e6a2 |
| 2026-01-29 | SUCCESS | Updated m to 2026-01-29-53e6a2 |
| 2026-01-30 | SUCCESS | Updated m to 2026-01-30-8a7279 |
| 2026-01-30 | SUCCESS | Updated m to 2026-01-30-8a7279 |
| 2026-01-30 | SUCCESS | Updated m to 2026-01-30-8a7279 |
| 2026-01-30 | SUCCESS | Updated m to 2026-01-30-8a7279 |
| 2026-01-30 | SUCCESS | Updated m to 2026-01-30-8a7279 |
| 2026-01-31 | SUCCESS | Updated m to 2026-01-31-43b28c |
| 2026-01-31 | SUCCESS | Updated m to 2026-01-31-43b28c |
| 2026-01-31 | SUCCESS | Updated m to 2026-01-31-43b28c |
| 2026-01-31 | SUCCESS | Updated m to 2026-01-31-43b28c |
| 2026-01-31 | SUCCESS | Updated m to 2026-01-31-43b28c |
| 2026-02-01 | SUCCESS | Updated m to 2026-02-01-1b17b8 |
| 2026-02-01 | SUCCESS | Updated m to 2026-02-01-1b17b8 |
| 2026-02-01 | SUCCESS | Updated m to 2026-02-01-1b17b8 |
| 2026-02-01 | SUCCESS | Updated m to 2026-02-01-1b17b8 |
| 2026-02-01 | SUCCESS | Updated m to 2026-02-01-1b17b8 |
| 2026-02-02 | SUCCESS | Updated m to 2026-02-02-593ad4 |
| 2026-02-02 | SUCCESS | Updated m to 2026-02-02-593ad4 |
| 2026-02-02 | SUCCESS | Updated m to 2026-02-02-593ad4 |
| 2026-02-02 | SUCCESS | Updated m to 2026-02-02-593ad4 |
| 2026-02-03 | SUCCESS | Updated m to 2026-02-03-776c1a |
| 2026-02-03 | SUCCESS | Updated m to 2026-02-03-776c1a |
| 2026-02-03 | SUCCESS | Updated m to 2026-02-03-776c1a |
| 2026-02-03 | SUCCESS | Updated m to 2026-02-03-776c1a |
| 2026-02-03 | SUCCESS | Updated m to 2026-02-03-776c1a |
| 2026-02-04 | SUCCESS | Updated m to 2026-02-04-b9990b |
| 2026-02-04 | SUCCESS | Updated m to 2026-02-04-b9990b |
| 2026-02-04 | SUCCESS | Updated m to 2026-02-04-b9990b |
| 2026-02-04 | SUCCESS | Updated m to 2026-02-04-b9990b |
| 2026-02-04 | SUCCESS | Updated m to 2026-02-04-b9990b |
| 2026-02-05 | SUCCESS | Updated m to 2026-02-05-3fe365 |
| 2026-02-05 | SUCCESS | Updated m to 2026-02-05-3fe365 |
| 2026-02-05 | SUCCESS | Updated m to 2026-02-05-3fe365 |
| 2026-02-05 | SUCCESS | Updated m to 2026-02-05-3fe365 |
| 2026-02-05 | SUCCESS | Updated m to 2026-02-05-3fe365 |
| 2026-02-06 | SUCCESS | Updated m to 2026-02-06-4f4672 |
| 2026-02-06 | SUCCESS | Updated m to 2026-02-06-4f4672 |
| 2026-02-06 | SUCCESS | Updated m to 2026-02-06-4f4672 |
| 2026-02-06 | SUCCESS | Updated m to 2026-02-06-4f4672 |
| 2026-02-06 | SUCCESS | Updated m to 2026-02-06-4f4672 |
| 2026-02-07 | SUCCESS | Updated m to 2026-02-07-c5c04d |
| 2026-02-07 | SUCCESS | Updated m to 2026-02-07-c5c04d |
| 2026-02-07 | SUCCESS | Updated m to 2026-02-07-c5c04d |
| 2026-02-07 | SUCCESS | Updated m to 2026-02-07-c5c04d |
| 2026-02-07 | SUCCESS | Updated m to 2026-02-07-c5c04d |
| 2026-02-08 | SUCCESS | Updated m to 2026-02-08-0e28a6 |
| 2026-02-08 | SUCCESS | Updated m to 2026-02-08-0e28a6 |
| 2026-02-08 | SUCCESS | Updated m to 2026-02-08-0e28a6 |
| 2026-02-08 | SUCCESS | Updated m to 2026-02-08-0e28a6 |
| 2026-02-08 | SUCCESS | Updated m to 2026-02-08-0e28a6 |
| 2026-02-09 | SUCCESS | Updated m to 2026-02-09-e95f39 |
| 2026-02-09 | SUCCESS | Updated m to 2026-02-09-e95f39 |
| 2026-02-09 | SUCCESS | Updated m to 2026-02-09-e95f39 |
| 2026-02-09 | SUCCESS | Updated m to 2026-02-09-e95f39 |
| 2026-02-09 | SUCCESS | Updated m to 2026-02-09-e95f39 |
| 2026-02-10 | SUCCESS | Updated m to 2026-02-10-e71323 |
| 2026-02-10 | SUCCESS | Updated m to 2026-02-10-e71323 |
| 2026-02-10 | SUCCESS | Updated m to 2026-02-10-e71323 |
| 2026-02-10 | SUCCESS | Updated m to 2026-02-10-e71323 |
| 2026-02-10 | SUCCESS | Updated m to 2026-02-10-e71323 |
| 2026-02-11 | SUCCESS | Updated m to 2026-02-11-31745b |
| 2026-02-11 | SUCCESS | Updated m to 2026-02-11-31745b |
| 2026-02-11 | SUCCESS | Updated m to 2026-02-11-31745b |
| 2026-02-11 | SUCCESS | Updated m to 2026-02-11-31745b |
| 2026-02-11 | SUCCESS | Updated m to 2026-02-11-31745b |
| 2026-02-12 | SUCCESS | Updated m to 2026-02-12-cef63e |
| 2026-02-12 | SUCCESS | Updated m to 2026-02-12-cef63e |
| 2026-02-12 | SUCCESS | Updated m to 2026-02-12-cef63e |
| 2026-02-12 | SUCCESS | Updated m to 2026-02-12-cef63e |
| 2026-02-12 | SUCCESS | Updated m to 2026-02-12-cef63e |
| 2026-02-13 | SUCCESS | Updated m to 2026-02-13-cf5158 |
| 2026-02-13 | SUCCESS | Updated m to 2026-02-13-cf5158 |
| 2026-02-13 | SUCCESS | Updated m to 2026-02-13-cf5158 |
| 2026-02-13 | SUCCESS | Updated m to 2026-02-13-cf5158 |
| 2026-02-14 | SUCCESS | Updated m to 2026-02-14-bda698 |
| 2026-02-14 | SUCCESS | Updated m to 2026-02-14-bda698 |
| 2026-02-14 | SUCCESS | Updated m to 2026-02-14-bda698 |
| 2026-02-14 | SUCCESS | Updated m to 2026-02-14-bda698 |
| 2026-02-14 | SUCCESS | Updated m to 2026-02-14-bda698 |
| 2026-02-15 | SUCCESS | Updated m to 2026-02-15-a89be0 |
| 2026-02-15 | SUCCESS | Updated m to 2026-02-15-a89be0 |
| 2026-02-15 | SUCCESS | Updated m to 2026-02-15-a89be0 |
| 2026-02-15 | SUCCESS | Updated m to 2026-02-15-a89be0 |
| 2026-02-15 | SUCCESS | Updated m to 2026-02-15-a89be0 |
| 2026-02-16 | SUCCESS | Updated m to 2026-02-16-48f766 |
| 2026-02-16 | SUCCESS | Updated m to 2026-02-16-48f766 |
| 2026-02-16 | SUCCESS | Updated m to 2026-02-16-48f766 |
| 2026-02-16 | SUCCESS | Updated m to 2026-02-16-48f766 |
| 2026-02-16 | SUCCESS | Updated m to 2026-02-16-48f766 |
| 2026-02-17 | SUCCESS | Updated m to 2026-02-17-af0fb5 |
| 2026-02-17 | SUCCESS | Updated m to 2026-02-17-af0fb5 |
| 2026-02-17 | SUCCESS | Updated m to 2026-02-17-af0fb5 |
| 2026-02-17 | SUCCESS | Updated m to 2026-02-17-af0fb5 |
| 2026-02-17 | SUCCESS | Updated m to 2026-02-17-af0fb5 |
| 2026-02-18 | SUCCESS | Updated m to 2026-02-18-ebac97 |
| 2026-02-18 | SUCCESS | Updated m to 2026-02-18-ebac97 |
| 2026-02-18 | SUCCESS | Updated m to 2026-02-18-ebac97 |
| 2026-02-18 | SUCCESS | Updated m to 2026-02-18-ebac97 |
| 2026-02-18 | SUCCESS | Updated m to 2026-02-18-ebac97 |
| 2026-02-19 | SUCCESS | Updated m to 2026-02-19-3bf6a6 |
| 2026-02-19 | SUCCESS | Updated m to 2026-02-19-3bf6a6 |
| 2026-02-19 | SUCCESS | Updated m to 2026-02-19-3bf6a6 |
| 2026-02-19 | SUCCESS | Updated m to 2026-02-19-3bf6a6 |
| 2026-02-19 | SUCCESS | Updated m to 2026-02-19-3bf6a6 |
| 2026-02-20 | SUCCESS | Updated m to 2026-02-20-d0cc5b |
| 2026-02-20 | SUCCESS | Updated m to 2026-02-20-d0cc5b |
| 2026-02-20 | SUCCESS | Updated m to 2026-02-20-d0cc5b |
| 2026-02-20 | SUCCESS | Updated m to 2026-02-20-d0cc5b |
| 2026-02-20 | SUCCESS | Updated m to 2026-02-20-d0cc5b |
| 2026-02-21 | SUCCESS | Updated m to 2026-02-21-752cdd |
| 2026-02-21 | SUCCESS | Updated m to 2026-02-21-752cdd |
| 2026-02-21 | SUCCESS | Updated m to 2026-02-21-752cdd |
| 2026-02-21 | SUCCESS | Updated m to 2026-02-21-752cdd |
| 2026-02-21 | SUCCESS | Updated m to 2026-02-21-752cdd |
| 2026-02-22 | SUCCESS | Updated m to 2026-02-22-c37689 |
| 2026-02-22 | SUCCESS | Updated m to 2026-02-22-c37689 |
| 2026-02-22 | SUCCESS | Updated m to 2026-02-22-c37689 |
| 2026-02-22 | SUCCESS | Updated m to 2026-02-22-c37689 |
| 2026-02-22 | SUCCESS | Updated m to 2026-02-22-c37689 |
| 2026-02-23 | SUCCESS | Updated m to 2026-02-23-ff5656 |
| 2026-02-23 | SUCCESS | Updated m to 2026-02-23-ff5656 |
| 2026-02-23 | SUCCESS | Updated m to 2026-02-23-ff5656 |
| 2026-02-23 | SUCCESS | Updated m to 2026-02-23-ff5656 |
| 2026-02-23 | SUCCESS | Updated m to 2026-02-23-ff5656 |
| 2026-02-24 | SUCCESS | Updated m to 2026-02-24-371014 |
| 2026-02-24 | SUCCESS | Updated m to 2026-02-24-371014 |
| 2026-02-24 | SUCCESS | Updated m to 2026-02-24-371014 |
| 2026-02-24 | SUCCESS | Updated m to 2026-02-24-371014 |
| 2026-02-24 | SUCCESS | Updated m to 2026-02-24-371014 |
| 2026-02-25 | SUCCESS | Updated m to 2026-02-25-b6ac0d |
| 2026-02-25 | SUCCESS | Updated m to 2026-02-25-b6ac0d |
| 2026-02-25 | SUCCESS | Updated m to 2026-02-25-b6ac0d |
| 2026-02-25 | SUCCESS | Updated m to 2026-02-25-b6ac0d |
| 2026-02-25 | SUCCESS | Updated m to 2026-02-25-b6ac0d |
| 2026-02-26 | SUCCESS | Updated m to 2026-02-26-401015 |
| 2026-02-26 | SUCCESS | Updated m to 2026-02-26-401015 |
| 2026-02-26 | SUCCESS | Updated m to 2026-02-26-401015 |
| 2026-02-26 | SUCCESS | Updated m to 2026-02-26-401015 |
| 2026-02-26 | SUCCESS | Updated m to 2026-02-26-401015 |
| 2026-02-27 | SUCCESS | Updated m to 2026-02-27-b2add9 |
| 2026-02-27 | SUCCESS | Updated m to 2026-02-27-b2add9 |
| 2026-02-27 | SUCCESS | Updated m to 2026-02-27-b2add9 |
| 2026-02-27 | SUCCESS | Updated m to 2026-02-27-b2add9 |
| 2026-02-27 | SUCCESS | Updated m to 2026-02-27-b2add9 |
| 2026-02-28 | SUCCESS | Updated m to 2026-02-28-0ce084 |
| 2026-02-28 | SUCCESS | Updated m to 2026-02-28-0ce084 |
| 2026-02-28 | SUCCESS | Updated m to 2026-02-28-0ce084 |
| 2026-02-28 | SUCCESS | Updated m to 2026-02-28-0ce084 |
| 2026-02-28 | SUCCESS | Updated m to 2026-02-28-0ce084 |
| 2026-03-01 | SUCCESS | Updated m to 2026-03-01-c2280a |
| 2026-03-01 | SUCCESS | Updated m to 2026-03-01-c2280a |
| 2026-03-01 | SUCCESS | Updated m to 2026-03-01-c2280a |
| 2026-03-01 | SUCCESS | Updated m to 2026-03-01-c2280a |
| 2026-03-01 | SUCCESS | Updated m to 2026-03-01-c2280a |
| 2026-03-02 | SUCCESS | Updated m to 2026-03-02-afe134 |
| 2026-03-02 | SUCCESS | Updated m to 2026-03-02-afe134 |
| 2026-03-02 | SUCCESS | Updated m to 2026-03-02-afe134 |
| 2026-03-02 | SUCCESS | Updated m to 2026-03-02-afe134 |
| 2026-03-02 | SUCCESS | Updated m to 2026-03-02-afe134 |
| 2026-03-03 | SUCCESS | Updated m to 2026-03-03-fb9636 |
| 2026-03-03 | SUCCESS | Updated m to 2026-03-03-fb9636 |
| 2026-03-03 | SUCCESS | Updated m to 2026-03-03-fb9636 |
| 2026-03-03 | SUCCESS | Updated m to 2026-03-03-fb9636 |
| 2026-03-04 | SUCCESS | Updated m to 2026-03-04-ec6793 |
| 2026-03-04 | SUCCESS | Updated m to 2026-03-04-ec6793 |
| 2026-03-04 | SUCCESS | Updated m to 2026-03-04-ec6793 |
| 2026-03-04 | SUCCESS | Updated m to 2026-03-04-ec6793 |
| 2026-03-04 | SUCCESS | Updated m to 2026-03-04-ec6793 |
| 2026-03-05 | SUCCESS | Updated m to 2026-03-05-834949 |
| 2026-03-05 | SUCCESS | Updated m to 2026-03-05-834949 |
| 2026-03-05 | SUCCESS | Updated m to 2026-03-05-834949 |
| 2026-03-05 | SUCCESS | Updated m to 2026-03-05-834949 |
| 2026-03-05 | SUCCESS | Updated m to 2026-03-05-834949 |
| 2026-03-06 | SUCCESS | Updated m to 2026-03-06-27c973 |
| 2026-03-06 | SUCCESS | Updated m to 2026-03-06-27c973 |
| 2026-03-06 | SUCCESS | Updated m to 2026-03-06-27c973 |
| 2026-03-06 | SUCCESS | Updated m to 2026-03-06-27c973 |
| 2026-03-06 | SUCCESS | Updated m to 2026-03-06-27c973 |
| 2026-03-07 | SUCCESS | Updated m to 2026-03-07-2a4220 |
| 2026-03-07 | SUCCESS | Updated m to 2026-03-07-2a4220 |
| 2026-03-07 | SUCCESS | Updated m to 2026-03-07-2a4220 |
| 2026-03-07 | SUCCESS | Updated m to 2026-03-07-2a4220 |
| 2026-03-07 | SUCCESS | Updated m to 2026-03-07-2a4220 |
| 2026-03-08 | SUCCESS | Updated m to 2026-03-08-031794 |
| 2026-03-08 | SUCCESS | Updated m to 2026-03-08-031794 |
| 2026-03-08 | SUCCESS | Updated m to 2026-03-08-031794 |
| 2026-03-08 | SUCCESS | Updated m to 2026-03-08-031794 |
| 2026-03-08 | SUCCESS | Updated m to 2026-03-08-031794 |
| 2026-03-09 | SUCCESS | Updated m to 2026-03-09-9c4a5b |
| 2026-03-09 | SUCCESS | Updated m to 2026-03-09-9c4a5b |
| 2026-03-09 | SUCCESS | Updated m to 2026-03-09-9c4a5b |
| 2026-03-09 | SUCCESS | Updated m to 2026-03-09-9c4a5b |
| 2026-03-09 | SUCCESS | Updated m to 2026-03-09-9c4a5b |
| 2026-03-10 | SUCCESS | Updated m to 2026-03-10-3fa724 |
| 2026-03-10 | SUCCESS | Updated m to 2026-03-10-3fa724 |
| 2026-03-10 | SUCCESS | Updated m to 2026-03-10-3fa724 |
| 2026-03-10 | SUCCESS | Updated m to 2026-03-10-3fa724 |
| 2026-03-10 | SUCCESS | Updated m to 2026-03-10-3fa724 |
| 2026-03-11 | SUCCESS | Updated m to 2026-03-11-b25478 |
| 2026-03-11 | SUCCESS | Updated m to 2026-03-11-b25478 |
| 2026-03-11 | SUCCESS | Updated m to 2026-03-11-b25478 |
| 2026-03-11 | SUCCESS | Updated m to 2026-03-11-b25478 |
| 2026-03-11 | SUCCESS | Updated m to 2026-03-11-b25478 |
| 2026-03-12 | SUCCESS | Updated m to 2026-03-12-6cda19 |
| 2026-03-12 | SUCCESS | Updated m to 2026-03-12-6cda19 |
| 2026-03-12 | SUCCESS | Updated m to 2026-03-12-6cda19 |
| 2026-03-12 | SUCCESS | Updated m to 2026-03-12-6cda19 |
| 2026-03-12 | SUCCESS | Updated m to 2026-03-12-6cda19 |
| 2026-03-13 | SUCCESS | Updated m to 2026-03-13-edc7cc |
| 2026-03-13 | SUCCESS | Updated m to 2026-03-13-edc7cc |
| 2026-03-13 | SUCCESS | Updated m to 2026-03-13-edc7cc |
| 2026-03-13 | SUCCESS | Updated m to 2026-03-13-edc7cc |
| 2026-03-13 | SUCCESS | Updated m to 2026-03-13-edc7cc |
| 2026-03-14 | SUCCESS | Updated m to 2026-03-14-418e47 |
| 2026-03-14 | SUCCESS | Updated m to 2026-03-14-418e47 |
| 2026-03-14 | SUCCESS | Updated m to 2026-03-14-418e47 |
| 2026-03-14 | SUCCESS | Updated m to 2026-03-14-418e47 |
| 2026-03-14 | SUCCESS | Updated m to 2026-03-14-418e47 |
| 2026-03-15 | SUCCESS | Updated m to 2026-03-15-79ba24 |
| 2026-03-15 | SUCCESS | Updated m to 2026-03-15-79ba24 |
| 2026-03-15 | SUCCESS | Updated m to 2026-03-15-79ba24 |
| 2026-03-15 | SUCCESS | Updated m to 2026-03-15-79ba24 |
| 2026-03-15 | SUCCESS | Updated m to 2026-03-15-79ba24 |
| 2026-03-16 | SUCCESS | Updated m to 2026-03-16-71fd11 |
| 2026-03-16 | SUCCESS | Updated m to 2026-03-16-71fd11 |
| 2026-03-16 | SUCCESS | Updated m to 2026-03-16-71fd11 |
| 2026-03-16 | SUCCESS | Updated m to 2026-03-16-71fd11 |
| 2026-03-16 | SUCCESS | Updated m to 2026-03-16-71fd11 |
| 2026-03-17 | SUCCESS | Updated m to 2026-03-17-348bcb |
| 2026-03-17 | SUCCESS | Updated m to 2026-03-17-348bcb |
| 2026-03-17 | SUCCESS | Updated m to 2026-03-17-348bcb |
| 2026-03-17 | SUCCESS | Updated m to 2026-03-17-348bcb |
| 2026-03-17 | SUCCESS | Updated m to 2026-03-17-348bcb |
| 2026-03-18 | SUCCESS | Updated m to 2026-03-18-cad0b3 |
| 2026-03-18 | SUCCESS | Updated m to 2026-03-18-cad0b3 |
| 2026-03-18 | SUCCESS | Updated m to 2026-03-18-cad0b3 |
| 2026-03-18 | SUCCESS | Updated m to 2026-03-18-cad0b3 |
| 2026-03-18 | SUCCESS | Updated m to 2026-03-18-cad0b3 |
| 2026-03-19 | SUCCESS | Updated m to 2026-03-19-f80405 |
| 2026-03-19 | SUCCESS | Updated m to 2026-03-19-f80405 |
| 2026-03-19 | SUCCESS | Updated m to 2026-03-19-f80405 |
| 2026-03-19 | SUCCESS | Updated m to 2026-03-19-f80405 |
| 2026-03-19 | SUCCESS | Updated m to 2026-03-19-f80405 |
| 2026-03-20 | SUCCESS | Updated m to 2026-03-20-1f38ef |
| 2026-03-20 | SUCCESS | Updated m to 2026-03-20-1f38ef |
| 2026-03-20 | SUCCESS | Updated m to 2026-03-20-1f38ef |
| 2026-03-20 | SUCCESS | Updated m to 2026-03-20-1f38ef |
| 2026-03-20 | SUCCESS | Updated m to 2026-03-20-1f38ef |
| 2026-03-21 | SUCCESS | Updated m to 2026-03-21-62c7e9 |
| 2026-03-21 | SUCCESS | Updated m to 2026-03-21-62c7e9 |
| 2026-03-21 | SUCCESS | Updated m to 2026-03-21-62c7e9 |
| 2026-03-21 | SUCCESS | Updated m to 2026-03-21-62c7e9 |
| 2026-03-21 | SUCCESS | Updated m to 2026-03-21-62c7e9 |
| 2026-03-22 | SUCCESS | Updated m to 2026-03-22-ebc422 |
| 2026-03-22 | SUCCESS | Updated m to 2026-03-22-ebc422 |
| 2026-03-22 | SUCCESS | Updated m to 2026-03-22-ebc422 |
| 2026-03-22 | SUCCESS | Updated m to 2026-03-22-ebc422 |
| 2026-03-22 | SUCCESS | Updated m to 2026-03-22-ebc422 |
| 2026-03-23 | SUCCESS | Updated m to 2026-03-23-c36b71 |
| 2026-03-23 | SUCCESS | Updated m to 2026-03-23-c36b71 |
| 2026-03-23 | SUCCESS | Updated m to 2026-03-23-c36b71 |
| 2026-03-23 | SUCCESS | Updated m to 2026-03-23-c36b71 |
| 2026-03-23 | SUCCESS | Updated m to 2026-03-23-c36b71 |
| 2026-03-24 | SUCCESS | Updated m to 2026-03-24-f19942 |
| 2026-03-24 | SUCCESS | Updated m to 2026-03-24-f19942 |
| 2026-03-24 | SUCCESS | Updated m to 2026-03-24-f19942 |
| 2026-03-24 | SUCCESS | Updated m to 2026-03-24-f19942 |
| 2026-03-24 | SUCCESS | Updated m to 2026-03-24-f19942 |
| 2026-03-25 | SUCCESS | Updated m to 2026-03-25-f32208 |
| 2026-03-25 | SUCCESS | Updated m to 2026-03-25-f32208 |
| 2026-03-25 | SUCCESS | Updated m to 2026-03-25-f32208 |
| 2026-03-25 | SUCCESS | Updated m to 2026-03-25-f32208 |
| 2026-03-25 | SUCCESS | Updated m to 2026-03-25-f32208 |
| 2026-03-26 | SUCCESS | Updated m to 2026-03-26-ab1ff4 |
| 2026-03-26 | SUCCESS | Updated m to 2026-03-26-ab1ff4 |
| 2026-03-26 | SUCCESS | Updated m to 2026-03-26-ab1ff4 |
| 2026-03-26 | SUCCESS | Updated m to 2026-03-26-ab1ff4 |
| 2026-03-26 | SUCCESS | Updated m to 2026-03-26-ab1ff4 |
| 2026-03-27 | SUCCESS | Updated m to 2026-03-27-51edc1 |
| 2026-03-27 | SUCCESS | Updated m to 2026-03-27-51edc1 |
| 2026-03-27 | SUCCESS | Updated m to 2026-03-27-51edc1 |
| 2026-03-27 | SUCCESS | Updated m to 2026-03-27-51edc1 |
| 2026-03-27 | SUCCESS | Updated m to 2026-03-27-51edc1 |
| 2026-03-28 | SUCCESS | Updated m to 2026-03-28-9c2b34 |
| 2026-03-28 | SUCCESS | Updated m to 2026-03-28-9c2b34 |
| 2026-03-28 | SUCCESS | Updated m to 2026-03-28-9c2b34 |
| 2026-03-28 | SUCCESS | Updated m to 2026-03-28-9c2b34 |
| 2026-03-28 | SUCCESS | Updated m to 2026-03-28-9c2b34 |
| 2026-03-29 | SUCCESS | Updated m to 2026-03-29-1ef8da |
| 2026-03-29 | SUCCESS | Updated m to 2026-03-29-1ef8da |
| 2026-03-29 | SUCCESS | Updated m to 2026-03-29-1ef8da |
| 2026-03-29 | SUCCESS | Updated m to 2026-03-29-1ef8da |
| 2026-03-29 | SUCCESS | Updated m to 2026-03-29-1ef8da |
| 2026-03-30 | SUCCESS | Updated m to 2026-03-30-d79144 |
| 2026-03-30 | SUCCESS | Updated m to 2026-03-30-d79144 |
| 2026-03-30 | SUCCESS | Updated m to 2026-03-30-d79144 |
| 2026-03-30 | SUCCESS | Updated m to 2026-03-30-d79144 |
| 2026-03-30 | SUCCESS | Updated m to 2026-03-30-d79144 |
| 2026-03-31 | SUCCESS | Updated m to 2026-03-31-2cba1e |
| 2026-03-31 | SUCCESS | Updated m to 2026-03-31-2cba1e |
| 2026-03-31 | SUCCESS | Updated m to 2026-03-31-2cba1e |
| 2026-03-31 | SUCCESS | Updated m to 2026-03-31-2cba1e |
| 2026-03-31 | SUCCESS | Updated m to 2026-03-31-2cba1e |
| 2026-04-01 | SUCCESS | Updated m to 2026-04-01-b64076 |
| 2026-04-01 | SUCCESS | Updated m to 2026-04-01-b64076 |
| 2026-04-01 | SUCCESS | Updated m to 2026-04-01-b64076 |
| 2026-04-01 | SUCCESS | Updated m to 2026-04-01-b64076 |
| 2026-04-01 | SUCCESS | Updated m to 2026-04-01-b64076 |
| 2026-04-02 | SUCCESS | Updated m to 2026-04-02-48db4e |
| 2026-04-02 | SUCCESS | Updated m to 2026-04-02-48db4e |
| 2026-04-02 | SUCCESS | Updated m to 2026-04-02-48db4e |
| 2026-04-02 | SUCCESS | Updated m to 2026-04-02-48db4e |
| 2026-04-02 | SUCCESS | Updated m to 2026-04-02-48db4e |
| 2026-04-03 | SUCCESS | Updated m to 2026-04-03-f64238 |
| 2026-04-03 | SUCCESS | Updated m to 2026-04-03-f64238 |
| 2026-04-03 | SUCCESS | Updated m to 2026-04-03-f64238 |
| 2026-04-03 | SUCCESS | Updated m to 2026-04-03-f64238 |
| 2026-04-03 | SUCCESS | Updated m to 2026-04-03-f64238 |
| 2026-04-04 | SUCCESS | Updated m to 2026-04-04-4c949f |
| 2026-04-04 | SUCCESS | Updated m to 2026-04-04-4c949f |
| 2026-04-04 | SUCCESS | Updated m to 2026-04-04-4c949f |
| 2026-04-04 | SUCCESS | Updated m to 2026-04-04-4c949f |
| 2026-04-04 | SUCCESS | Updated m to 2026-04-04-4c949f |
| 2026-04-05 | SUCCESS | Updated m to 2026-04-05-5da2ff |
| 2026-04-05 | SUCCESS | Updated m to 2026-04-05-5da2ff |
| 2026-04-05 | SUCCESS | Updated m to 2026-04-05-5da2ff |
| 2026-04-05 | SUCCESS | Updated m to 2026-04-05-5da2ff |
| 2026-04-05 | SUCCESS | Updated m to 2026-04-05-5da2ff |
| 2026-04-06 | SUCCESS | Updated m to 2026-04-06-942f00 |
| 2026-04-06 | SUCCESS | Updated m to 2026-04-06-942f00 |
| 2026-04-06 | SUCCESS | Updated m to 2026-04-06-942f00 |
| 2026-04-06 | SUCCESS | Updated m to 2026-04-06-942f00 |
